<?xml version="1.0" encoding="UTF-8"?>
<testsuite name="StatementPrinterTests" tests="8" skipped="0" failures="0" errors="0" timestamp="2023-10-27T12:10:21" hostname="nes-Modern-15-A11M" time="0.229">
  <properties/>
  <testcase name="html  no link" classname="StatementPrinterTests" time="0.044"/>
  <testcase name="test Comedy and over 20 pers" classname="StatementPrinterTests" time="0.106"/>
  <testcase name="html with directory" classname="StatementPrinterTests" time="0.013"/>
  <testcase name="exampleStatement" classname="StatementPrinterTests" time="0.018"/>
  <testcase name="statementWithNewPlayTypes" classname="StatementPrinterTests" time="0.003"/>
  <testcase name="test tragedy and less than 30 pers" classname="StatementPrinterTests" time="0.013"/>
  <testcase name="test comedy and less than 20 pers" classname="StatementPrinterTests" time="0.013"/>
  <testcase name="test tragedy and over 30 pers" classname="StatementPrinterTests" time="0.013"/>
  <system-out><![CDATA[]]></system-out>
  <system-err><![CDATA[]]></system-err>
</testsuite>
